Arguments: 
  C:\Program Files\nodejs\node.exe C:\Scoop\apps\yarn\current\bin\yarn.js init

PATH: 
  C:\WINDOWS\system32;C:\WINDOWS;C:\WINDOWS\System32\Wbem;C:\WINDOWS\System32\WindowsPowerShell\v1.0\;C:\WINDOWS\System32\OpenSSH\;C:\Program Files\Bandizip\;C:\Program Files\nodejs\;C:\Program Files\dotnet\;C:\Program Files (x86)\dotnet\;C:\Program Files\MATLAB\R2021b\bin;;C:\Program Files\Docker\Docker\resources\bin;C:\ProgramData\DockerDesktop\version-bin;C:\Scoop\apps\nodejs-lts\current\bin;C:\Scoop\apps\nodejs-lts\current;C:\Scoop\apps\vscode\current\bin;C:\Scoop\apps\python\current\Scripts;C:\Scoop\apps\python\current;C:\Scoop\apps\yarn\current\global\node_modules\.bin;C:\Scoop\apps\yarn\current\bin;C:\Scoop\apps\openjdk\current\bin;C:\Scoop\apps\ojdkbuild8\current\bin;C:\Scoop\apps\android-sdk\current\tools\bin;C:\Program Files\MySQL\MySQL Shell 8.0\bin\;C:\Scoop\shims;C:\Users\SUN_SHIN\AppData\Local\Microsoft\WindowsApps;C:\Users\SUN_SHIN\AppData\Roaming\npm;C:\Users\SUN_SHIN\.dotnet\tools;C:\texlive\2021\bin\win32

Yarn version: 
  1.22.18

Node version: 
  16.13.2

Platform: 
  win32 x64

Trace: 
  Error: canceled
      at Interface.<anonymous> (C:\Scoop\apps\yarn\1.22.18\lib\cli.js:137143:13)
      at Interface.emit (node:events:390:28)
      at Interface._ttyWrite (node:readline:1081:16)
      at ReadStream.onkeypress (node:readline:288:10)
      at ReadStream.emit (node:events:390:28)
      at emitKeys (node:internal/readline/utils:358:14)
      at emitKeys.next (<anonymous>)
      at ReadStream.onData (node:internal/readline/emitKeypressEvents:61:36)
      at ReadStream.emit (node:events:390:28)
      at addChunk (node:internal/streams/readable:315:12)

npm manifest: 
  No manifest

yarn manifest: 
  No manifest

Lockfile: 
  No lockfile
